<?xml version="1.0"?>
<testsuites>
  <testsuite name="PhantomJS 1.9 (Windows)" package="" timestamp="2013-06-13T06:04:30" id="0" hostname="PC-Hp002" tests="0" errors="0" failures="0" time="0">
    <properties>
      <property name="browser.fullName" value="Mozilla/5.0 (Windows NT 6.2; WOW64) AppleWebKit/534.34 (KHTML, like Gecko) PhantomJS/1.9.1 Safari/534.34"/>
    </properties>
    <system-out><![CDATA[
]]></system-out>
    <system-err/>
  </testsuite>
</testsuites>
